No manual entry for alsa
See 'man 7 undocumented' for help when manual pages are not available.
No manual entry for a5toa4
See 'man 7 undocumented' for help when manual pages are not available.
No manual entry for alsa-info.sh
See 'man 7 undocumented' for help when manual pages are not available.
No manual entry for brltty-setup
See 'man 7 undocumented' for help when manual pages are not available.
No manual entry for adhocfilelist
See 'man 7 undocumented' for help when manual pages are not available.
No manual entry for alsatplg
See 'man 7 undocumented' for help when manual pages are not available.
No manual entry for alsaucm
See 'man 7 undocumented' for help when manual pages are not available.
No manual entry for genl
See 'man 7 undocumented' for help when manual pages are not available.
No manual entry for getweb
See 'man 7 undocumented' for help when manual pages are not available.
No manual entry for gnome-menus-blacklist
See 'man 7 undocumented' for help when manual pages are not available.
No manual entry for arara
See 'man 7 undocumented' for help when manual pages are not available.
No manual entry for asan_symbolize
See 'man 7 undocumented' for help when manual pages are not available.
No manual entry for asan_symbolize-3.8
See 'man 7 undocumented' for help when manual pages are not available.
No manual entry for guest-account
See 'man 7 undocumented' for help when manual pages are not available.
No manual entry for ipmaddr
See 'man 7 undocumented' for help when manual pages are not available.
No manual entry for iptunnel
See 'man 7 undocumented' for help when manual pages are not available.
No manual entry for ldconfig.real
See 'man 7 undocumented' for help when manual pages are not available.
No manual entry for lightdm-gtk-greeter
See 'man 7 undocumented' for help when manual pages are not available.
No manual entry for lightdm-session
See 'man 7 undocumented' for help when manual pages are not available.
mdoc warning: Empty input line #133
mdoc warning: Empty input line #137
mdoc warning: Empty input line #139
mdoc warning: Empty input line #143
mdoc warning: Empty input line #145
mdoc warning: Empty input line #151
mdoc warning: Empty input line #160
mdoc warning: Empty input line #162
mdoc warning: Empty input line #173
mdoc warning: Empty input line #181
mdoc warning: Empty input line #183
mdoc warning: Empty input line #185
mdoc warning: A .Bl directive has no matching .El (#201)
No manual entry for nxMonitor
See 'man 7 undocumented' for help when manual pages are not available.
No manual entry for bibtexu
See 'man 7 undocumented' for help when manual pages are not available.
No manual entry for mntctl
See 'man 7 undocumented' for help when manual pages are not available.
No manual entry for ntfsmove
See 'man 7 undocumented' for help when manual pages are not available.
No manual entry for brltty-ctb
See 'man 7 undocumented' for help when manual pages are not available.
No manual entry for brltty-trtxt
See 'man 7 undocumented' for help when manual pages are not available.
No manual entry for brltty-ttb
See 'man 7 undocumented' for help when manual pages are not available.
No manual entry for pam_extrausers_chkpwd
See 'man 7 undocumented' for help when manual pages are not available.
No manual entry for btmgmt
See 'man 7 undocumented' for help when manual pages are not available.
No manual entry for pam_extrausers_update
See 'man 7 undocumented' for help when manual pages are not available.
No manual entry for btsync
See 'man 7 undocumented' for help when manual pages are not available.
No manual entry for static-sh
See 'man 7 undocumented' for help when manual pages are not available.
No manual entry for cachepic
See 'man 7 undocumented' for help when manual pages are not available.
No manual entry for tzconfig
See 'man 7 undocumented' for help when manual pages are not available.
No manual entry for cautious-launcher
See 'man 7 undocumented' for help when manual pages are not available.
No manual entry for uninstallNetExtender
See 'man 7 undocumented' for help when manual pages are not available.
mdoc warning: Empty input line #170
mdoc warning: Empty input line #172
mdoc warning: Empty input line #188
mdoc warning: Empty input line #190
mdoc warning: Empty input line #192
mdoc warning: Empty input line #346
mdoc warning: Empty input line #348
No manual entry for cd-iccdump
See 'man 7 undocumented' for help when manual pages are not available.
No manual entry for update-gsfontmap
See 'man 7 undocumented' for help when manual pages are not available.
No manual entry for u-d-c-print-pci-ids
See 'man 7 undocumented' for help when manual pages are not available.
man: can't open /usr/share/man/man8/init.8: No such file or directory
No manual entry for checklistings
See 'man 7 undocumented' for help when manual pages are not available.
No manual entry for c-index-test
See 'man 7 undocumented' for help when manual pages are not available.
No manual entry for c-index-test-3.8
See 'man 7 undocumented' for help when manual pages are not available.
No manual entry for clang
See 'man 7 undocumented' for help when manual pages are not available.
No manual entry for clang++
See 'man 7 undocumented' for help when manual pages are not available.
No manual entry for clang-3.8
See 'man 7 undocumented' for help when manual pages are not available.
No manual entry for clang++-3.8
See 'man 7 undocumented' for help when manual pages are not available.
No manual entry for clang-cl-3.8
See 'man 7 undocumented' for help when manual pages are not available.
No manual entry for clang-query
See 'man 7 undocumented' for help when manual pages are not available.
No manual entry for clang-query-3.8
See 'man 7 undocumented' for help when manual pages are not available.
No manual entry for clang-rename-3.8
See 'man 7 undocumented' for help when manual pages are not available.
No manual entry for upgrade-from-grub-legacy
See 'man 7 undocumented' for help when manual pages are not available.
No manual entry for clang-tblgen
No manual entry for xfce4-pm-helper
See 'man 7 undocumented' for help when manual pages are not available.
No manual entry for createfontdatachunk
See 'man 7 undocumented' for help when manual pages are not available.
No manual entry for ctanupload
See 'man 7 undocumented' for help when manual pages are not available.
No manual entry for de-macro
See 'man 7 undocumented' for help when manual pages are not available.
No manual entry for depythontex
See 'man 7 undocumented' for help when manual pages are not available.
No manual entry for depythontex3
See 'man 7 undocumented' for help when manual pages are not available.
No manual entry for dtxgen
See 'man 7 undocumented' for help when manual pages are not available.
No manual entry for dviasm
See 'man 7 undocumented' for help when manual pages are not available.
No manual entry for easy_install
See 'man 7 undocumented' for help when manual pages are not available.
No manual entry for enhancer
See 'man 7 undocumented' for help when manual pages are not available.
No manual entry for epspdf
See 'man 7 undocumented' for help when manual pages are not available.
No manual entry for epspdftk
See 'man 7 undocumented' for help when manual pages are not available.
No manual entry for eptex
See 'man 7 undocumented' for help when manual pages are not available.
<standard input>:344: warning: can't find special character `cl'
<standard input>:471: empty escape name
No manual entry for euptex
See 'man 7 undocumented' for help when manual pages are not available.
No manual entry for evince-previewer
See 'man 7 undocumented' for help when manual pages are not available.
No manual entry for explode
See 'man 7 undocumented' for help when manual pages are not available.
No manual entry for fig4latex
See 'man 7 undocumented' for help when manual pages are not available.
grotty:<standard input> (<standard input>):752: character above first line discarded
grotty:<standard input> (<standard input>):756: character above first line discarded
grotty:<standard input> (<standard input>):690: character above first line discarded
grotty:<standard input> (<standard input>):694: character above first line discarded
No manual entry for foo2zjs-icc2ps
See 'man 7 undocumented' for help when manual pages are not available.
No manual entry for gapplication
See 'man 7 undocumented' for help when manual pages are not available.
No manual entry for gconf-merge-tree
See 'man 7 undocumented' for help when manual pages are not available.
man: warning: /usr/share/man/man1/gcov-tool.1.gz is a dangling symlink
No manual entry for gcov-tool
See 'man 7 undocumented' for help when manual pages are not available.
No manual entry for gcov-tool-5
See 'man 7 undocumented' for help when manual pages are not available.
No manual entry for gcr-viewer
See 'man 7 undocumented' for help when manual pages are not available.
No manual entry for gdb-add-index
See 'man 7 undocumented' for help when manual pages are not available.
No manual entry for gdbtui
See 'man 7 undocumented' for help when manual pages are not available.
No manual entry for gdialog
See 'man 7 undocumented' for help when manual pages are not available.
<standard input>:344: warning: can't find special character `cl'
<standard input>:471: empty escape name
No manual entry for getmapdl
See 'man 7 undocumented' for help when manual pages are not available.
No manual entry for gettext.sh
See 'man 7 undocumented' for help when manual pages are not available.
No manual entry for gifmaker
See 'man 7 undocumented' for help when manual pages are not available.
No manual entry for gnome-keyring-3
See 'man 7 undocumented' for help when manual pages are not available.
No manual entry for gnome-www-browser
See 'man 7 undocumented' for help when manual pages are not available.
No manual entry for gpu-manager
See 'man 7 undocumented' for help when manual pages are not available.
No manual entry for grub-ntldr-img
See 'man 7 undocumented' for help when manual pages are not available.
No manual entry for gstreamer-codec-install
See 'man 7 undocumented' for help when manual pages are not available.
No manual entry for gtk-theme-config
See 'man 7 undocumented' for help when manual pages are not available.
No manual entry for guake-prefs
See 'man 7 undocumented' for help when manual pages are not available.
No manual entry for haddock-ghc-7.10.3
See 'man 7 undocumented' for help when manual pages are not available.
No manual entry for hpc
See 'man 7 undocumented' for help when manual pages are not available.
No manual entry for hp-plugin-ubuntu
See 'man 7 undocumented' for help when manual pages are not available.
No manual entry for hsc2hs
See 'man 7 undocumented' for help when manual pages are not available.
No manual entry for ijs_pxljr
See 'man 7 undocumented' for help when manual pages are not available.
No manual entry for installfont-tl
See 'man 7 undocumented' for help when manual pages are not available.
No manual entry for install-printerdriver
See 'man 7 undocumented' for help when manual pages are not available.
No manual entry for isdv4-serial-debugger
See 'man 7 undocumented' for help when manual pages are not available.
No manual entry for isdv4-serial-inputattach
See 'man 7 undocumented' for help when manual pages are not available.
No manual entry for jexec
See 'man 7 undocumented' for help when manual pages are not available.
No manual entry for kerneloops-submit
See 'man 7 undocumented' for help when manual pages are not available.
tbl:<standard input>:791: end of data in middle of text block
tbl:<standard input>:791: giving up on this table
No manual entry for latexdef
See 'man 7 undocumented' for help when manual pages are not available.
No manual entry for latexfileversion
See 'man 7 undocumented' for help when manual pages are not available.
No manual entry for latexindent
See 'man 7 undocumented' for help when manual pages are not available.
No manual entry for latexpand
See 'man 7 undocumented' for help when manual pages are not available.
No manual entry for libwacom-list-local-devices
See 'man 7 undocumented' for help when manual pages are not available.
No manual entry for linux-boot-prober
See 'man 7 undocumented' for help when manual pages are not available.
No manual entry for listings-ext
See 'man 7 undocumented' for help when manual pages are not available.
No manual entry for llvm-c-test-3.8
See 'man 7 undocumented' for help when manual pages are not available.
No manual entry for llvm-cxxdump-3.8
See 'man 7 undocumented' for help when manual pages are not available.
No manual entry for llvm-dsymutil-3.8
See 'man 7 undocumented' for help when manual pages are not available.
No manual entry for llvm-dwp-3.8
See 'man 7 undocumented' for help when manual pages are not available.
No manual entry for llvm-lto-3.8
See 'man 7 undocumented' for help when manual pages are not available.
No manual entry for llvm-pdbdump-3.8
See 'man 7 undocumented' for help when manual pages are not available.
No manual entry for llvm-split-3.8
See 'man 7 undocumented' for help when manual pages are not available.
No manual entry for llvm-tblgen-3.8
See 'man 7 undocumented' for help when manual pages are not available.
No manual entry for lp_solve
See 'man 7 undocumented' for help when manual pages are not available.
No manual entry for ltxfileinfo
See 'man 7 undocumented' for help when manual pages are not available.
No manual entry for ltximg
See 'man 7 undocumented' for help when manual pages are not available.
No manual entry for make4ht
See 'man 7 undocumented' for help when manual pages are not available.
No manual entry for makejvf
See 'man 7 undocumented' for help when manual pages are not available.
No manual entry for match_parens
See 'man 7 undocumented' for help when manual pages are not available.
<standard input>:309: bad argument name `\'
<standard input>:309: bad argument name `,'
<standard input>:46: warning [p 1, 6.0i]: cannot adjust line
<standard input>:46: warning [p 1, 6.2i]: can't break line
<standard input>:49: warning [p 1, 6.5i]: cannot adjust line
<standard input>:49: warning [p 1, 6.7i]: can't break line
<standard input>:52: warning [p 1, 7.2i]: can't break line
<standard input>:137: warning [p 2, 4.3i]: can't break line
<standard input>:211: warning [p 2, 10.7i]: can't break line
<standard input>:395: warning [p 4, 3.5i]: can't break line
<standard input>:408: warning [p 4, 4.7i]: cannot adjust line
<standard input>:408: warning [p 4, 4.8i]: can't break line
<standard input>:410: warning [p 4, 5.0i]: can't break line
<standard input>:441: warning [p 4, 7.8i]: cannot adjust line
<standard input>:441: warning [p 4, 8.0i]: can't break line
<standard input>:447: warning [p 4, 8.8i]: cannot adjust line
<standard input>:447: warning [p 4, 9.0i]: can't break line
<standard input>:464: warning [p 4, 10.7i]: cannot adjust line
No manual entry for mf2pt1
See 'man 7 undocumented' for help when manual pages are not available.
No manual entry for mfplain
See 'man 7 undocumented' for help when manual pages are not available.
No manual entry for mkisofs
See 'man 7 undocumented' for help when manual pages are not available.
No manual entry for mkpic
See 'man 7 undocumented' for help when manual pages are not available.
No manual entry for mkt1font
See 'man 7 undocumented' for help when manual pages are not available.
No manual entry for modularize-3.8
See 'man 7 undocumented' for help when manual pages are not available.
No manual entry for netExtenderGui
See 'man 7 undocumented' for help when manual pages are not available.
No manual entry for nmapfe
See 'man 7 undocumented' for help when manual pages are not available.
No manual entry for nvidia-detector
See 'man 7 undocumented' for help when manual pages are not available.
No manual entry for obexctl
See 'man 7 undocumented' for help when manual pages are not available.
No manual entry for obj2yaml-3.8
See 'man 7 undocumented' for help when manual pages are not available.
No manual entry for os-prober
See 'man 7 undocumented' for help when manual pages are not available.
No manual entry for painter
See 'man 7 undocumented' for help when manual pages are not available.
No manual entry for pbibtex
See 'man 7 undocumented' for help when manual pages are not available.
No manual entry for pdfatfi
See 'man 7 undocumented' for help when manual pages are not available.
No manual entry for pdfcrop
See 'man 7 undocumented' for help when manual pages are not available.
No manual entry for pdvitomp
See 'man 7 undocumented' for help when manual pages are not available.
No manual entry for pdvitype
See 'man 7 undocumented' for help when manual pages are not available.
No manual entry for perldoc
See 'man 7 undocumented' for help when manual pages are not available.
No manual entry for pfarrei
See 'man 7 undocumented' for help when manual pages are not available.
No manual entry for pilconvert
See 'man 7 undocumented' for help when manual pages are not available.
No manual entry for pildriver
See 'man 7 undocumented' for help when manual pages are not available.
No manual entry for pilfile
See 'man 7 undocumented' for help when manual pages are not available.
No manual entry for pilfont
See 'man 7 undocumented' for help when manual pages are not available.
No manual entry for pilprint
See 'man 7 undocumented' for help when manual pages are not available.
No manual entry for pkfix
See 'man 7 undocumented' for help when manual pages are not available.
No manual entry for player
See 'man 7 undocumented' for help when manual pages are not available.
No manual entry for pmpost
See 'man 7 undocumented' for help when manual pages are not available.
<standard input>:45: warning: macro `OPTIONS' not defined (possibly missing space after `OP')
No manual entry for pphs
See 'man 7 undocumented' for help when manual pages are not available.
No manual entry for ppltotf
See 'man 7 undocumented' for help when manual pages are not available.
No manual entry for pp-trace
No manual entry for ps2ps2
See 'man 7 undocumented' for help when manual pages are not available.
No manual entry for ps2txt
See 'man 7 undocumented' for help when manual pages are not available.
No manual entry for pst2pdf
See 'man 7 undocumented' for help when manual pages are not available.
No manual entry for ptex
See 'man 7 undocumented' for help when manual pages are not available.
No manual entry for ptftopl
See 'man 7 undocumented' for help when manual pages are not available.
No manual entry for purple-send
See 'man 7 undocumented' for help when manual pages are not available.
No manual entry for purple-send-async
See 'man 7 undocumented' for help when manual pages are not available.
No manual entry for purple-url-handler
See 'man 7 undocumented' for help when manual pages are not available.
No manual entry for pythontex
See 'man 7 undocumented' for help when manual pages are not available.
No manual entry for pythontex3
See 'man 7 undocumented' for help when manual pages are not available.
No manual entry for quirks-handler
See 'man 7 undocumented' for help when manual pages are not available.
<standard input>:167: warning [p 1, 5.0i]: can't break line
<standard input>:370: warning [p 3, 1.2i, div `an-div', 0.0i]: can't break line
No manual entry for rpdfcrop
See 'man 7 undocumented' for help when manual pages are not available.
tbl:<standard input>:130: excess data entry `the name of the context' discarded
No manual entry for runghc-7.10.3
See 'man 7 undocumented' for help when manual pages are not available.
No manual entry for sancov-3.8
See 'man 7 undocumented' for help when manual pages are not available.
No manual entry for sbkeysync
See 'man 7 undocumented' for help when manual pages are not available.
No manual entry for scp-dbus-service
See 'man 7 undocumented' for help when manual pages are not available.
No manual entry for simpdftex
See 'man 7 undocumented' for help when manual pages are not available.
No manual entry for soffice
See 'man 7 undocumented' for help when manual pages are not available.
No manual entry for sqldiff
See 'man 7 undocumented' for help when manual pages are not available.
No manual entry for subl
See 'man 7 undocumented' for help when manual pages are not available.
No manual entry for systemd-stdio-bridge
See 'man 7 undocumented' for help when manual pages are not available.
No manual entry for teckit_compile
See 'man 7 undocumented' for help when manual pages are not available.
No manual entry for tex4ebook
See 'man 7 undocumented' for help when manual pages are not available.
No manual entry for texcount
See 'man 7 undocumented' for help when manual pages are not available.
No manual entry for texdef
See 'man 7 undocumented' for help when manual pages are not available.
No manual entry for texliveonfly
See 'man 7 undocumented' for help when manual pages are not available.
No manual entry for texloganalyser
See 'man 7 undocumented' for help when manual pages are not available.
No manual entry for texluajit
See 'man 7 undocumented' for help when manual pages are not available.
No manual entry for texluajitc
See 'man 7 undocumented' for help when manual pages are not available.
No manual entry for thresholder
See 'man 7 undocumented' for help when manual pages are not available.
No manual entry for tl-paper
See 'man 7 undocumented' for help when manual pages are not available.
No manual entry for trust
See 'man 7 undocumented' for help when manual pages are not available.
No manual entry for ttfread
See 'man 7 undocumented' for help when manual pages are not available.
No manual entry for typeoutfileinfo
See 'man 7 undocumented' for help when manual pages are not available.
No manual entry for ubuntu-core-launcher
See 'man 7 undocumented' for help when manual pages are not available.
No manual entry for ubuntu-drivers
See 'man 7 undocumented' for help when manual pages are not available.
No manual entry for ubuntu-support-status
See 'man 7 undocumented' for help when manual pages are not available.
No manual entry for unattended-upgrades
See 'man 7 undocumented' for help when manual pages are not available.
No manual entry for unity-scope-loader
See 'man 7 undocumented' for help when manual pages are not available.
No manual entry for upbibtex
See 'man 7 undocumented' for help when manual pages are not available.
No manual entry for updatedb.mlocate
See 'man 7 undocumented' for help when manual pages are not available.
No manual entry for update-mime-database.real
See 'man 7 undocumented' for help when manual pages are not available.
No manual entry for update-notifier
See 'man 7 undocumented' for help when manual pages are not available.
No manual entry for updvitomp
See 'man 7 undocumented' for help when manual pages are not available.
No manual entry for updvitype
See 'man 7 undocumented' for help when manual pages are not available.
No manual entry for upmpost
See 'man 7 undocumented' for help when manual pages are not available.
No manual entry for uppltotf
See 'man 7 undocumented' for help when manual pages are not available.
No manual entry for uptex
See 'man 7 undocumented' for help when manual pages are not available.
No manual entry for uptftopl
See 'man 7 undocumented' for help when manual pages are not available.
No manual entry for verify-uselistorder-3.8
See 'man 7 undocumented' for help when manual pages are not available.
No manual entry for viewer
See 'man 7 undocumented' for help when manual pages are not available.
No manual entry for vim.basic
See 'man 7 undocumented' for help when manual pages are not available.
No manual entry for vim.tiny
See 'man 7 undocumented' for help when manual pages are not available.
No manual entry for vmwarectrl
See 'man 7 undocumented' for help when manual pages are not available.
No manual entry for vpl2ovp
See 'man 7 undocumented' for help when manual pages are not available.
No manual entry for vpl2vpl
See 'man 7 undocumented' for help when manual pages are not available.
No manual entry for whoopsie
See 'man 7 undocumented' for help when manual pages are not available.
No manual entry for wofm2opl
See 'man 7 undocumented' for help when manual pages are not available.
No manual entry for wopl2ofm
See 'man 7 undocumented' for help when manual pages are not available.
No manual entry for wovf2ovp
See 'man 7 undocumented' for help when manual pages are not available.
No manual entry for wovp2ovf
See 'man 7 undocumented' for help when manual pages are not available.
No manual entry for X11
man: warning: /usr/share/man/man1/x86_64-linux-gnu-gcov-tool.1.gz is a dangling symlink
No manual entry for x86_64-linux-gnu-gcov-tool
See 'man 7 undocumented' for help when manual pages are not available.
No manual entry for x86_64-linux-gnu-gcov-tool-5
See 'man 7 undocumented' for help when manual pages are not available.
<standard input>:167: warning [p 1, 5.0i]: can't break line
<standard input>:370: warning [p 3, 1.2i, div `an-div', 0.0i]: can't break line
No manual entry for xdg-user-dirs-gtk-update
See 'man 7 undocumented' for help when manual pages are not available.
No manual entry for xdvi.bin
See 'man 7 undocumented' for help when manual pages are not available.
No manual entry for xdvi-xaw
See 'man 7 undocumented' for help when manual pages are not available.
No manual entry for xetex
See 'man 7 undocumented' for help when manual pages are not available.
No manual entry for xfce4-clipman
See 'man 7 undocumented' for help when manual pages are not available.
No manual entry for xfce4-clipman-settings
See 'man 7 undocumented' for help when manual pages are not available.
No manual entry for xfce4-notes
See 'man 7 undocumented' for help when manual pages are not available.
No manual entry for xfce4-notes-settings
See 'man 7 undocumented' for help when manual pages are not available.
No manual entry for xfce4-popup-applicationsmenu
See 'man 7 undocumented' for help when manual pages are not available.
No manual entry for xfce4-popup-clipman
See 'man 7 undocumented' for help when manual pages are not available.
No manual entry for xfce4-popup-directorymenu
See 'man 7 undocumented' for help when manual pages are not available.
No manual entry for xfce4-popup-notes
See 'man 7 undocumented' for help when manual pages are not available.
No manual entry for xfce4-popup-windowmenu
See 'man 7 undocumented' for help when manual pages are not available.
No manual entry for xfce4-terminal.wrapper
See 'man 7 undocumented' for help when manual pages are not available.
No manual entry for xfhelp4
See 'man 7 undocumented' for help when manual pages are not available.
No manual entry for xflock4
See 'man 7 undocumented' for help when manual pages are not available.
No manual entry for xfpanel-switch
See 'man 7 undocumented' for help when manual pages are not available.
No manual entry for xkeystone
See 'man 7 undocumented' for help when manual pages are not available.
No manual entry for xnmap
See 'man 7 undocumented' for help when manual pages are not available.
No manual entry for x-www-browser
See 'man 7 undocumented' for help when manual pages are not available.
No manual entry for yaml2obj-3.8
See 'man 7 undocumented' for help when manual pages are not available.
   **** Error: Cannot find a 'startxref' anywhere in the file.
   **** Warning:  An error occurred while reading an XREF table.
   **** The file has been damaged.  This may have been caused
   **** by a problem while converting or transfering the file.
   **** Ghostscript will attempt to recover the data.
   **** Error:  Trailer is not found.

   **** This file had errors that were repaired or ignored.
   **** Please notify the author of the software that produced this
   **** file that it does not conform to Adobe's published PDF
   **** specification.

